<?xml version="1.0" encoding="UTF-8"?>
<!-- Generated by org.testng.reporters.JUnitXMLReporter -->
<testsuite ignored="4" hostname="LTIN204090" failures="1" tests="16" name="Test" time="192.819" errors="0" timestamp="2024-02-27T13:58:52 IST">
  <testcase classname="testclasses.Tc1_UpcomingBikesTest" name="NewBikes" time="5.109"/>
  <testcase classname="testclasses.Tc1_UpcomingBikesTest" name="upcomingBikes" time="1.199"/>
  <testcase classname="testclasses.Tc1_UpcomingBikesTest" name="manufacturerType" time="5.629"/>
  <testcase classname="testclasses.Tc1_UpcomingBikesTest" name="briefInfo" time="0.258"/>
  <testcase classname="testclasses.Tc1_UpcomingBikesTest" name="scrollBikes" time="0.828"/>
  <testcase classname="testclasses.Tc1_UpcomingBikesTest" name="sortBikesPrices" time="13.634"/>
  <testcase classname="testclasses.Tc2_PopularCars" name="navigateHome" time="4.283"/>
  <testcase classname="testclasses.Tc2_PopularCars" name="hoverOnCars" time="36.566"/>
  <testcase classname="testclasses.Tc2_PopularCars" name="clickChennai" time="13.095">
    <failure type="org.openqa.selenium.ElementNotInteractableException" message="element not interactable
  (Session info: chrome=120.0.6099.130)
Build info: version: &amp;apos;4.15.0&amp;apos;, revision: &amp;apos;1d14b5521b&amp;apos;
System info: os.name: &amp;apos;Windows 11&amp;apos;, os.arch: &amp;apos;amd64&amp;apos;, os.version: &amp;apos;10.0&amp;apos;, java.version: &amp;apos;17.0.9&amp;apos;
Driver info: org.openqa.selenium.chrome.ChromeDriver
Command: [0c078993a646a933df4ffad7fda23b31, clickElement {id=C52AFA55AB8FB19B3C7DD388C2361C2C_element_279}]
Capabilities {acceptInsecureCerts: false, browserName: chrome, browserVersion: 120.0.6099.130, chrome: {chromedriverVersion: 120.0.6099.109 (3419140ab66..., userDataDir: C:\Windows\SystemTemp\scope...}, fedcm:accounts: true, goog:chromeOptions: {debuggerAddress: localhost:50039}, networkConnectionEnabled: false, pageLoadStrategy: normal, platformName: windows, proxy: Proxy(), se:cdp: ws://localhost:50039/devtoo..., se:cdpVersion: 120.0.6099.130, setWindowRect: true, strictFileInteractability: false, timeouts: {implicit: 0, pageLoad: 300000, script: 30000}, unhandledPromptBehavior: dismiss and notify, webauthn:extension:credBlob: true, webauthn:extension:largeBlob: true, webauthn:extension:minPinLength: true, webauthn:extension:prf: true, webauthn:virtualAuthenticators: true}
Element: [[ChromeDriver: chrome on windows (0c078993a646a933df4ffad7fda23b31)] -&amp;gt; xpath: //span[@onclick=&amp;quot;goToUrl(&amp;apos;/used-car/Chennai&amp;apos;)&amp;quot;]]
Session ID: 0c078993a646a933df4ffad7fda23b31">
      <![CDATA[org.openqa.selenium.ElementNotInteractableException: element not interactable
  (Session info: chrome=120.0.6099.130)
Build info: version: '4.15.0', revision: '1d14b5521b'
System info: os.name: 'Windows 11', os.arch: 'amd64', os.version: '10.0', java.version: '17.0.9'
Driver info: org.openqa.selenium.chrome.ChromeDriver
Command: [0c078993a646a933df4ffad7fda23b31, clickElement {id=C52AFA55AB8FB19B3C7DD388C2361C2C_element_279}]
Capabilities {acceptInsecureCerts: false, browserName: chrome, browserVersion: 120.0.6099.130, chrome: {chromedriverVersion: 120.0.6099.109 (3419140ab66..., userDataDir: C:\Windows\SystemTemp\scope...}, fedcm:accounts: true, goog:chromeOptions: {debuggerAddress: localhost:50039}, networkConnectionEnabled: false, pageLoadStrategy: normal, platformName: windows, proxy: Proxy(), se:cdp: ws://localhost:50039/devtoo..., se:cdpVersion: 120.0.6099.130, setWindowRect: true, strictFileInteractability: false, timeouts: {implicit: 0, pageLoad: 300000, script: 30000}, unhandledPromptBehavior: dismiss and notify, webauthn:extension:credBlob: true, webauthn:extension:largeBlob: true, webauthn:extension:minPinLength: true, webauthn:extension:prf: true, webauthn:virtualAuthenticators: true}
Element: [[ChromeDriver: chrome on windows (0c078993a646a933df4ffad7fda23b31)] -> xpath: //span[@onclick="goToUrl('/used-car/Chennai')"]]
Session ID: 0c078993a646a933df4ffad7fda23b31
at org.openqa.selenium.remote.codec.w3c.W3CHttpResponseCodec.createException(W3CHttpResponseCodec.java:200)
at org.openqa.selenium.remote.codec.w3c.W3CHttpResponseCodec.decode(W3CHttpResponseCodec.java:133)
at org.openqa.selenium.remote.codec.w3c.W3CHttpResponseCodec.decode(W3CHttpResponseCodec.java:52)
at org.openqa.selenium.remote.HttpCommandExecutor.execute(HttpCommandExecutor.java:191)
at org.openqa.selenium.remote.service.DriverCommandExecutor.invokeExecute(DriverCommandExecutor.java:200)
at org.openqa.selenium.remote.service.DriverCommandExecutor.execute(DriverCommandExecutor.java:175)
at org.openqa.selenium.remote.RemoteWebDriver.execute(RemoteWebDriver.java:607)
at org.openqa.selenium.remote.RemoteWebElement.execute(RemoteWebElement.java:224)
at org.openqa.selenium.remote.RemoteWebElement.click(RemoteWebElement.java:77)
at org.openqa.selenium.support.pagefactory.internal.LocatingElementHandler.invoke(LocatingElementHandler.java:51)
at jdk.proxy2/jdk.proxy2.$Proxy49.click(Unknown Source)
at pageobjects.UsedCarsPage.selectChennai(UsedCarsPage.java:53)
at testclasses.Tc2_PopularCars.clickChennai(Tc2_PopularCars.java:29)
at java.base/java.util.ArrayList.forEach(ArrayList.java:1511)
... Removed 36 stack frames]]>
    </failure>
  </testcase> <!-- clickChennai -->
  <testcase classname="testclasses.Tc2_PopularCars" name="scrollPopularModels" time="1.798"/>
  <testcase classname="testclasses.Tc2_PopularCars" name="getPopularCarsData" time="4.942"/>
  <testcase classname="testclasses.Tc3_LoginPage" name="homePage" time="5.21"/>
  <testcase classname="testclasses.Tc3_LoginPage" name="hoverOnCars" time="4.316"/>
  <testcase classname="testclasses.Tc3_LoginPage" name="signInWithGoogle" time="3.325"/>
  <testcase classname="testclasses.Tc3_LoginPage" name="setEmailData" time="6.45"/>
  <testcase classname="testclasses.Tc3_LoginPage" name="clickNext" time="11.775"/>
  <testcase classname="testbase.BaseClass" name="@BeforeTest driverSetUp" time="0.0">
    <ignored/>
  </testcase> <!-- @BeforeTest driverSetUp -->
  <testcase classname="testbase.BaseClass" name="@BeforeTest driverSetUp" time="0.0">
    <ignored/>
  </testcase> <!-- @BeforeTest driverSetUp -->
  <testcase classname="testbase.BaseClass" name="@AfterTest tearDown" time="0.0">
    <ignored/>
  </testcase> <!-- @AfterTest tearDown -->
  <testcase classname="testbase.BaseClass" name="@AfterTest tearDown" time="0.0">
    <ignored/>
  </testcase> <!-- @AfterTest tearDown -->
</testsuite> <!-- Test -->
