<html>
<head>
<title>TestNG:  Test</title>
<link href="../testng.css" rel="stylesheet" type="text/css" />
<link href="../my-testng.css" rel="stylesheet" type="text/css" />

<style type="text/css">
.log { display: none;} 
.stack-trace { display: none;} 
</style>
<script type="text/javascript">
<!--
function flip(e) {
  current = e.style.display;
  if (current == 'block') {
    e.style.display = 'none';
    return 0;
  }
  else {
    e.style.display = 'block';
    return 1;
  }
}

function toggleBox(szDivId, elem, msg1, msg2)
{
  var res = -1;  if (document.getElementById) {
    res = flip(document.getElementById(szDivId));
  }
  else if (document.all) {
    // this is the way old msie versions work
    res = flip(document.all[szDivId]);
  }
  if(elem) {
    if(res == 0) elem.innerHTML = msg1; else elem.innerHTML = msg2;
  }

}

function toggleAllBoxes() {
  if (document.getElementsByTagName) {
    d = document.getElementsByTagName('div');
    for (i = 0; i < d.length; i++) {
      if (d[i].className == 'log') {
        flip(d[i]);
      }
    }
  }
}

// -->
</script>

</head>
<body>
<h2 align='center'>Test</h2><table border='1' align="center">
<tr>
<td>Tests passed/Failed/Skipped:</td><td>15/1/0</td>
</tr><tr>
<td>Started on:</td><td>Tue Feb 27 13:55:38 IST 2024</td>
</tr>
<tr><td>Total time:</td><td>192 seconds (192819 ms)</td>
</tr><tr>
<td>Included groups:</td><td></td>
</tr><tr>
<td>Excluded groups:</td><td></td>
</tr>
</table><p/>
<small><i>(Hover the method name to see the test class name)</i></small><p/>
<table width='100%' border='1' class='invocation-failed'>
<tr><td colspan='4' align='center'><b>FAILED TESTS</b></td></tr>
<tr><td><b>Test method</b></td>
<td width="30%"><b>Exception</b></td>
<td width="10%"><b>Time (seconds)</b></td>
<td><b>Instance</b></td>
</tr>
<tr>
<td title='testclasses.Tc2_PopularCars.clickChennai()'><b>clickChennai</b><br>Test class: testclasses.Tc2_PopularCars</td>
<td><div><pre>org.openqa.selenium.ElementNotInteractableException: element not interactable
  (Session info: chrome=120.0.6099.130)
Build info: version: &apos;4.15.0&apos;, revision: &apos;1d14b5521b&apos;
System info: os.name: &apos;Windows 11&apos;, os.arch: &apos;amd64&apos;, os.version: &apos;10.0&apos;, java.version: &apos;17.0.9&apos;
Driver info: org.openqa.selenium.chrome.ChromeDriver
Command: [0c078993a646a933df4ffad7fda23b31, clickElement {id=C52AFA55AB8FB19B3C7DD388C2361C2C_element_279}]
Capabilities {acceptInsecureCerts: false, browserName: chrome, browserVersion: 120.0.6099.130, chrome: {chromedriverVersion: 120.0.6099.109 (3419140ab66..., userDataDir: C:\Windows\SystemTemp\scope...}, fedcm:accounts: true, goog:chromeOptions: {debuggerAddress: localhost:50039}, networkConnectionEnabled: false, pageLoadStrategy: normal, platformName: windows, proxy: Proxy(), se:cdp: ws://localhost:50039/devtoo..., se:cdpVersion: 120.0.6099.130, setWindowRect: true, strictFileInteractability: false, timeouts: {implicit: 0, pageLoad: 300000, script: 30000}, unhandledPromptBehavior: dismiss and notify, webauthn:extension:credBlob: true, webauthn:extension:largeBlob: true, webauthn:extension:minPinLength: true, webauthn:extension:prf: true, webauthn:virtualAuthenticators: true}
Element: [[ChromeDriver: chrome on windows (0c078993a646a933df4ffad7fda23b31)] -&gt; xpath: //span[@onclick=&quot;goToUrl(&apos;/used-car/Chennai&apos;)&quot;]]
Session ID: 0c078993a646a933df4ffad7fda23b31
	at org.openqa.selenium.remote.codec.w3c.W3CHttpResponseCodec.createException(W3CHttpResponseCodec.java:200)
	at org.openqa.selenium.remote.codec.w3c.W3CHttpResponseCodec.decode(W3CHttpResponseCodec.java:133)
	at org.openqa.selenium.remote.codec.w3c.W3CHttpResponseCodec.decode(W3CHttpResponseCodec.java:52)
	at org.openqa.selenium.remote.HttpCommandExecutor.execute(HttpCommandExecutor.java:191)
	at org.openqa.selenium.remote.service.DriverCommandExecutor.invokeExecute(DriverCommandExecutor.java:200)
	at org.openqa.selenium.remote.service.DriverCommandExecutor.execute(DriverCommandExecutor.java:175)
	at org.openqa.selenium.remote.RemoteWebDriver.execute(RemoteWebDriver.java:607)
	at org.openqa.selenium.remote.RemoteWebElement.execute(RemoteWebElement.java:224)
	at org.openqa.selenium.remote.RemoteWebElement.click(RemoteWebElement.java:77)
	at org.openqa.selenium.support.pagefactory.internal.LocatingElementHandler.invoke(LocatingElementHandler.java:51)
	at jdk.proxy2/jdk.proxy2.$Proxy49.click(Unknown Source)
	at pageobjects.UsedCarsPage.selectChennai(UsedCarsPage.java:53)
	at testclasses.Tc2_PopularCars.clickChennai(Tc2_PopularCars.java:29)
	at java.base/java.util.ArrayList.forEach(ArrayList.java:1511)
... Removed 36 stack frames</pre></div><a href='#' onClick='toggleBox("stack-trace869758554", this, "Click to show all stack frames", "Click to hide stack frames")'>Click to show all stack frames</a>
<div class='stack-trace' id='stack-trace869758554'><pre>org.openqa.selenium.ElementNotInteractableException: element not interactable
  (Session info: chrome=120.0.6099.130)
Build info: version: &apos;4.15.0&apos;, revision: &apos;1d14b5521b&apos;
System info: os.name: &apos;Windows 11&apos;, os.arch: &apos;amd64&apos;, os.version: &apos;10.0&apos;, java.version: &apos;17.0.9&apos;
Driver info: org.openqa.selenium.chrome.ChromeDriver
Command: [0c078993a646a933df4ffad7fda23b31, clickElement {id=C52AFA55AB8FB19B3C7DD388C2361C2C_element_279}]
Capabilities {acceptInsecureCerts: false, browserName: chrome, browserVersion: 120.0.6099.130, chrome: {chromedriverVersion: 120.0.6099.109 (3419140ab66..., userDataDir: C:\Windows\SystemTemp\scope...}, fedcm:accounts: true, goog:chromeOptions: {debuggerAddress: localhost:50039}, networkConnectionEnabled: false, pageLoadStrategy: normal, platformName: windows, proxy: Proxy(), se:cdp: ws://localhost:50039/devtoo..., se:cdpVersion: 120.0.6099.130, setWindowRect: true, strictFileInteractability: false, timeouts: {implicit: 0, pageLoad: 300000, script: 30000}, unhandledPromptBehavior: dismiss and notify, webauthn:extension:credBlob: true, webauthn:extension:largeBlob: true, webauthn:extension:minPinLength: true, webauthn:extension:prf: true, webauthn:virtualAuthenticators: true}
Element: [[ChromeDriver: chrome on windows (0c078993a646a933df4ffad7fda23b31)] -&gt; xpath: //span[@onclick=&quot;goToUrl(&apos;/used-car/Chennai&apos;)&quot;]]
Session ID: 0c078993a646a933df4ffad7fda23b31
	at java.base/jdk.internal.reflect.NativeConstructorAccessorImpl.newInstance0(Native Method)
	at java.base/jdk.internal.reflect.NativeConstructorAccessorImpl.newInstance(NativeConstructorAccessorImpl.java:77)
	at java.base/jdk.internal.reflect.DelegatingConstructorAccessorImpl.newInstance(DelegatingConstructorAccessorImpl.java:45)
	at java.base/java.lang.reflect.Constructor.newInstanceWithCaller(Constructor.java:499)
	at java.base/java.lang.reflect.Constructor.newInstance(Constructor.java:480)
	at org.openqa.selenium.remote.codec.w3c.W3CHttpResponseCodec.createException(W3CHttpResponseCodec.java:200)
	at org.openqa.selenium.remote.codec.w3c.W3CHttpResponseCodec.decode(W3CHttpResponseCodec.java:133)
	at org.openqa.selenium.remote.codec.w3c.W3CHttpResponseCodec.decode(W3CHttpResponseCodec.java:52)
	at org.openqa.selenium.remote.HttpCommandExecutor.execute(HttpCommandExecutor.java:191)
	at org.openqa.selenium.remote.service.DriverCommandExecutor.invokeExecute(DriverCommandExecutor.java:200)
	at org.openqa.selenium.remote.service.DriverCommandExecutor.execute(DriverCommandExecutor.java:175)
	at org.openqa.selenium.remote.RemoteWebDriver.execute(RemoteWebDriver.java:607)
	at org.openqa.selenium.remote.RemoteWebElement.execute(RemoteWebElement.java:224)
	at org.openqa.selenium.remote.RemoteWebElement.click(RemoteWebElement.java:77)
	at java.base/jdk.internal.reflect.NativeMethodAccessorImpl.invoke0(Native Method)
	at java.base/jdk.internal.reflect.NativeMethodAccessorImpl.invoke(NativeMethodAccessorImpl.java:77)
	at java.base/jdk.internal.reflect.DelegatingMethodAccessorImpl.invoke(DelegatingMethodAccessorImpl.java:43)
	at java.base/java.lang.reflect.Method.invoke(Method.java:568)
	at org.openqa.selenium.support.pagefactory.internal.LocatingElementHandler.invoke(LocatingElementHandler.java:51)
	at jdk.proxy2/jdk.proxy2.$Proxy49.click(Unknown Source)
	at pageobjects.UsedCarsPage.selectChennai(UsedCarsPage.java:53)
	at testclasses.Tc2_PopularCars.clickChennai(Tc2_PopularCars.java:29)
	at java.base/jdk.internal.reflect.NativeMethodAccessorImpl.invoke0(Native Method)
	at java.base/jdk.internal.reflect.NativeMethodAccessorImpl.invoke(NativeMethodAccessorImpl.java:77)
	at java.base/jdk.internal.reflect.DelegatingMethodAccessorImpl.invoke(DelegatingMethodAccessorImpl.java:43)
	at java.base/java.lang.reflect.Method.invoke(Method.java:568)
	at org.testng.internal.MethodInvocationHelper.invokeMethod(MethodInvocationHelper.java:133)
	at org.testng.internal.TestInvoker.invokeMethod(TestInvoker.java:598)
	at org.testng.internal.TestInvoker.invokeTestMethod(TestInvoker.java:173)
	at org.testng.internal.MethodRunner.runInSequence(MethodRunner.java:46)
	at org.testng.internal.TestInvoker$MethodInvocationAgent.invoke(TestInvoker.java:824)
	at org.testng.internal.TestInvoker.invokeTestMethods(TestInvoker.java:146)
	at org.testng.internal.TestMethodWorker.invokeTestMethods(TestMethodWorker.java:146)
	at org.testng.internal.TestMethodWorker.run(TestMethodWorker.java:128)
	at java.base/java.util.ArrayList.forEach(ArrayList.java:1511)
	at org.testng.TestRunner.privateRun(TestRunner.java:794)
	at org.testng.TestRunner.run(TestRunner.java:596)
	at org.testng.SuiteRunner.runTest(SuiteRunner.java:377)
	at org.testng.SuiteRunner.runSequentially(SuiteRunner.java:371)
	at org.testng.SuiteRunner.privateRun(SuiteRunner.java:332)
	at org.testng.SuiteRunner.run(SuiteRunner.java:276)
	at org.testng.SuiteRunnerWorker.runSuite(SuiteRunnerWorker.java:53)
	at org.testng.SuiteRunnerWorker.run(SuiteRunnerWorker.java:96)
	at org.testng.TestNG.runSuitesSequentially(TestNG.java:1212)
	at org.testng.TestNG.runSuitesLocally(TestNG.java:1134)
	at org.testng.TestNG.runSuites(TestNG.java:1063)
	at org.testng.TestNG.run(TestNG.java:1031)
	at org.testng.remote.AbstractRemoteTestNG.run(AbstractRemoteTestNG.java:115)
	at org.testng.remote.RemoteTestNG.initAndRun(RemoteTestNG.java:251)
	at org.testng.remote.RemoteTestNG.main(RemoteTestNG.java:77)
</pre></div></td>
<td>13</td>
<td>testclasses.Tc2_PopularCars@4f80542f</td></tr>
</table><p>
<table width='100%' border='1' class='invocation-passed'>
<tr><td colspan='4' align='center'><b>PASSED TESTS</b></td></tr>
<tr><td><b>Test method</b></td>
<td width="30%"><b>Exception</b></td>
<td width="10%"><b>Time (seconds)</b></td>
<td><b>Instance</b></td>
</tr>
<tr>
<td title='testclasses.Tc1_UpcomingBikesTest.manufacturerType()'><b>manufacturerType</b><br>Test class: testclasses.Tc1_UpcomingBikesTest</td>
<td></td>
<td>5</td>
<td>testclasses.Tc1_UpcomingBikesTest@272113c4</td></tr>
<tr>
<td title='testclasses.Tc2_PopularCars.getPopularCarsData()'><b>getPopularCarsData</b><br>Test class: testclasses.Tc2_PopularCars</td>
<td></td>
<td>4</td>
<td>testclasses.Tc2_PopularCars@4f80542f</td></tr>
<tr>
<td title='testclasses.Tc1_UpcomingBikesTest.upcomingBikes()'><b>upcomingBikes</b><br>Test class: testclasses.Tc1_UpcomingBikesTest</td>
<td></td>
<td>1</td>
<td>testclasses.Tc1_UpcomingBikesTest@272113c4</td></tr>
<tr>
<td title='testclasses.Tc1_UpcomingBikesTest.NewBikes()'><b>NewBikes</b><br>Test class: testclasses.Tc1_UpcomingBikesTest</td>
<td></td>
<td>5</td>
<td>testclasses.Tc1_UpcomingBikesTest@272113c4</td></tr>
<tr>
<td title='testclasses.Tc3_LoginPage.homePage()'><b>homePage</b><br>Test class: testclasses.Tc3_LoginPage</td>
<td></td>
<td>5</td>
<td>testclasses.Tc3_LoginPage@60bd273d</td></tr>
<tr>
<td title='testclasses.Tc3_LoginPage.signInWithGoogle()'><b>signInWithGoogle</b><br>Test class: testclasses.Tc3_LoginPage</td>
<td></td>
<td>3</td>
<td>testclasses.Tc3_LoginPage@60bd273d</td></tr>
<tr>
<td title='testclasses.Tc1_UpcomingBikesTest.scrollBikes()'><b>scrollBikes</b><br>Test class: testclasses.Tc1_UpcomingBikesTest</td>
<td></td>
<td>0</td>
<td>testclasses.Tc1_UpcomingBikesTest@272113c4</td></tr>
<tr>
<td title='testclasses.Tc2_PopularCars.navigateHome()'><b>navigateHome</b><br>Test class: testclasses.Tc2_PopularCars</td>
<td></td>
<td>4</td>
<td>testclasses.Tc2_PopularCars@4f80542f</td></tr>
<tr>
<td title='testclasses.Tc3_LoginPage.hoverOnCars()'><b>hoverOnCars</b><br>Test class: testclasses.Tc3_LoginPage</td>
<td></td>
<td>4</td>
<td>testclasses.Tc3_LoginPage@60bd273d</td></tr>
<tr>
<td title='testclasses.Tc2_PopularCars.scrollPopularModels()'><b>scrollPopularModels</b><br>Test class: testclasses.Tc2_PopularCars</td>
<td></td>
<td>1</td>
<td>testclasses.Tc2_PopularCars@4f80542f</td></tr>
<tr>
<td title='testclasses.Tc1_UpcomingBikesTest.briefInfo()'><b>briefInfo</b><br>Test class: testclasses.Tc1_UpcomingBikesTest</td>
<td></td>
<td>0</td>
<td>testclasses.Tc1_UpcomingBikesTest@272113c4</td></tr>
<tr>
<td title='testclasses.Tc2_PopularCars.hoverOnCars()'><b>hoverOnCars</b><br>Test class: testclasses.Tc2_PopularCars</td>
<td></td>
<td>36</td>
<td>testclasses.Tc2_PopularCars@4f80542f</td></tr>
<tr>
<td title='testclasses.Tc1_UpcomingBikesTest.sortBikesPrices()'><b>sortBikesPrices</b><br>Test class: testclasses.Tc1_UpcomingBikesTest</td>
<td></td>
<td>13</td>
<td>testclasses.Tc1_UpcomingBikesTest@272113c4</td></tr>
<tr>
<td title='testclasses.Tc3_LoginPage.setEmailData()'><b>setEmailData</b><br>Test class: testclasses.Tc3_LoginPage</td>
<td></td>
<td>6</td>
<td>testclasses.Tc3_LoginPage@60bd273d</td></tr>
<tr>
<td title='testclasses.Tc3_LoginPage.clickNext()'><b>clickNext</b><br>Test class: testclasses.Tc3_LoginPage</td>
<td></td>
<td>11</td>
<td>testclasses.Tc3_LoginPage@60bd273d</td></tr>
</table><p>
</body>
</html>